Line 570: Class MSDataGridLib.DataGrid of control DataGrid1 was not a loaded control class.
Line 977: Class MSAdodcLib.Adodc of control Adodc1 was not a loaded control class.
Line 1075: Class MSComCtl2.DTPicker of control DTP1 was not a loaded control class.
Line 571: The property name Bindings in DataGrid1 is invalid.
Line 577: The property name _ExtentX in DataGrid1 is invalid.
Line 578: The property name _ExtentY in DataGrid1 is invalid.
Line 579: The property name _Version in DataGrid1 is invalid.
Line 583: The property name HeadLines in DataGrid1 is invalid.
Line 584: The property name RowHeight in DataGrid1 is invalid.
Line 585: The property name FormatLocked in DataGrid1 is invalid.
Line 594: The property name HeadFont in DataGrid1 is invalid.
Line 604: The property name ColumnCount in DataGrid1 is invalid.
Line 617: The property name Column00 in DataGrid1 is invalid.
Line 630: The property name Column01 in DataGrid1 is invalid.
Line 643: The property name Column02 in DataGrid1 is invalid.
Line 656: The property name Column03 in DataGrid1 is invalid.
Line 669: The property name Column04 in DataGrid1 is invalid.
Line 682: The property name Column05 in DataGrid1 is invalid.
Line 695: The property name Column06 in DataGrid1 is invalid.
Line 708: The property name Column07 in DataGrid1 is invalid.
Line 721: The property name Column08 in DataGrid1 is invalid.
Line 734: The property name Column09 in DataGrid1 is invalid.
Line 747: The property name Column10 in DataGrid1 is invalid.
Line 760: The property name Column11 in DataGrid1 is invalid.
Line 773: The property name Column12 in DataGrid1 is invalid.
Line 786: The property name Column13 in DataGrid1 is invalid.
Line 799: The property name Column14 in DataGrid1 is invalid.
Line 812: The property name Column15 in DataGrid1 is invalid.
Line 825: The property name Column16 in DataGrid1 is invalid.
Line 838: The property name Column17 in DataGrid1 is invalid.
Line 851: The property name Column18 in DataGrid1 is invalid.
Line 864: The property name Column19 in DataGrid1 is invalid.
Line 877: The property name Column20 in DataGrid1 is invalid.
Line 890: The property name Column21 in DataGrid1 is invalid.
Line 903: The property name Column22 in DataGrid1 is invalid.
Line 904: The property name SplitCount in DataGrid1 is invalid.
Line 975: The property name Split0 in DataGrid1 is invalid.
Line 983: The property name _ExtentX in Adodc1 is invalid.
Line 984: The property name _ExtentY in Adodc1 is invalid.
Line 985: The property name ConnectMode in Adodc1 is invalid.
Line 986: The property name CursorLocation in Adodc1 is invalid.
Line 987: The property name IsolationLevel in Adodc1 is invalid.
Line 988: The property name ConnectionTimeout in Adodc1 is invalid.
Line 989: The property name CommandTimeout in Adodc1 is invalid.
Line 990: The property name CursorType in Adodc1 is invalid.
Line 991: The property name LockType in Adodc1 is invalid.
Line 992: The property name CommandType in Adodc1 is invalid.
Line 993: The property name CursorOptions in Adodc1 is invalid.
Line 994: The property name CacheSize in Adodc1 is invalid.
Line 995: The property name MaxRecords in Adodc1 is invalid.
Line 996: The property name BOFAction in Adodc1 is invalid.
Line 997: The property name EOFAction in Adodc1 is invalid.
Line 998: The property name ConnectStringType in Adodc1 is invalid.
Line 1002: The property name Orientation in Adodc1 is invalid.
Line 1004: The property name Connect in Adodc1 is invalid.
Line 1005: The property name OLEDBString in Adodc1 is invalid.
Line 1006: The property name OLEDBFile in Adodc1 is invalid.
Line 1007: The property name DataSourceName in Adodc1 is invalid.
Line 1008: The property name OtherAttributes in Adodc1 is invalid.
Line 1009: The property name UserName in Adodc1 is invalid.
Line 1010: The property name Password in Adodc1 is invalid.
Line 1011: The property name RecordSource in Adodc1 is invalid.
Line 1012: The property name Caption in Adodc1 is invalid.
Line 1022: The property name _Version in Adodc1 is invalid.
Line 1081: The property name _ExtentX in DTP1 is invalid.
Line 1082: The property name _ExtentY in DTP1 is invalid.
Line 1083: The property name _Version in DTP1 is invalid.
Line 1085: The property name Format in DTP1 is invalid.
Line 1086: The property name CurrentDate in DTP1 is invalid.
